<?xml version="1.0" encoding="UTF-8"?>
<!-- Generated by org.testng.reporters.JUnitXMLReporter -->
<testsuite hostname="schakrab2l5" ignored="0" name="Test" tests="8" failures="0" timestamp="2020-01-24T09:20:02 IST" time="0.059" errors="0">
  <testcase name="test1" time="0.01" classname="abcd.NewTest"/>
  <testcase name="test5" time="0.01" classname="abcd.Class2"/>
  <testcase name="test2" time="0.001" classname="abcd.NewTest"/>
  <testcase name="test6" time="0.002" classname="abcd.Class2"/>
  <testcase name="test3" time="0.002" classname="abcd.NewTest"/>
  <testcase name="test7" time="0.001" classname="abcd.Class2"/>
  <testcase name="test4" time="0.002" classname="abcd.NewTest"/>
  <testcase name="test8" time="0.001" classname="abcd.Class2"/>
</testsuite> <!-- Test -->
