<?xml version="1.0" encoding="UTF-8"?>
<testng-results skipped="0" failed="0" ignored="0" total="8" passed="8">
  <reporter-output>
  </reporter-output>
  <suite name="Suite" duration-ms="59" started-at="2020-01-24T09:20:02 IST" finished-at="2020-01-24T09:20:02 IST">
    <groups>
    </groups>
    <test name="Test" duration-ms="59" started-at="2020-01-24T09:20:02 IST" finished-at="2020-01-24T09:20:02 IST">
      <class name="abcd.Class2">
        <test-method status="PASS" signature="test5()[pri:0, instance:abcd.Class2@3327bd23]" name="test5" duration-ms="10" started-at="2020-01-24T09:20:02 IST" finished-at="2020-01-24T09:20:02 IST">
          <reporter-output>
          </reporter-output>
        </test-method> <!-- test5 -->
        <test-method status="PASS" signature="test6()[pri:0, instance:abcd.Class2@3327bd23]" name="test6" duration-ms="2" started-at="2020-01-24T09:20:02 IST" finished-at="2020-01-24T09:20:02 IST">
          <reporter-output>
          </reporter-output>
        </test-method> <!-- test6 -->
        <test-method status="PASS" signature="test7()[pri:0, instance:abcd.Class2@3327bd23]" name="test7" duration-ms="1" started-at="2020-01-24T09:20:02 IST" finished-at="2020-01-24T09:20:02 IST">
          <reporter-output>
          </reporter-output>
        </test-method> <!-- test7 -->
        <test-method status="PASS" signature="test8()[pri:0, instance:abcd.Class2@3327bd23]" name="test8" duration-ms="1" started-at="2020-01-24T09:20:02 IST" finished-at="2020-01-24T09:20:02 IST">
          <reporter-output>
          </reporter-output>
        </test-method> <!-- test8 -->
      </class> <!-- abcd.Class2 -->
      <class name="abcd.NewTest">
        <test-method status="PASS" signature="test1()[pri:0, instance:abcd.NewTest@a67c67e]" name="test1" duration-ms="10" started-at="2020-01-24T09:20:02 IST" finished-at="2020-01-24T09:20:02 IST">
          <reporter-output>
          </reporter-output>
        </test-method> <!-- test1 -->
        <test-method status="PASS" signature="test2()[pri:0, instance:abcd.NewTest@a67c67e]" name="test2" duration-ms="1" started-at="2020-01-24T09:20:02 IST" finished-at="2020-01-24T09:20:02 IST">
          <reporter-output>
          </reporter-output>
        </test-method> <!-- test2 -->
        <test-method status="PASS" signature="test3()[pri:0, instance:abcd.NewTest@a67c67e]" name="test3" duration-ms="2" started-at="2020-01-24T09:20:02 IST" finished-at="2020-01-24T09:20:02 IST">
          <reporter-output>
          </reporter-output>
        </test-method> <!-- test3 -->
        <test-method status="PASS" signature="test4()[pri:0, instance:abcd.NewTest@a67c67e]" name="test4" duration-ms="2" started-at="2020-01-24T09:20:02 IST" finished-at="2020-01-24T09:20:02 IST">
          <reporter-output>
          </reporter-output>
        </test-method> <!-- test4 -->
      </class> <!-- abcd.NewTest -->
    </test> <!-- Test -->
  </suite> <!-- Suite -->
</testng-results>
